<?xml version="1.0" encoding="UTF-8"?>
<testsuite name="testkube.TestkubeAPITest" tests="2" skipped="0" failures="0" errors="0" timestamp="2022-07-19T05:49:36" hostname="192.168.1.5" time="1.901">
  <properties/>
  <testcase name="hasAtLeastOneLabel()" classname="testkube.TestkubeAPITest" time="1.292"/>
  <testcase name="hasSomeExecutions()" classname="testkube.TestkubeAPITest" time="0.608"/>
  <system-out><![CDATA[]]></system-out>
  <system-err><![CDATA[]]></system-err>
</testsuite>
