<?xml version="1.0" encoding="UTF-8"?>
<testsuite name="hands.on.testkube.RemoteTestkubeTest" tests="1" skipped="0" failures="0" errors="0" timestamp="2022-07-19T05:27:57" hostname="192.168.1.5" time="0.801">
  <properties/>
  <testcase name="testRemoteTestKube()" classname="hands.on.testkube.RemoteTestkubeTest" time="0.801"/>
  <system-out><![CDATA[]]></system-out>
  <system-err><![CDATA[]]></system-err>
</testsuite>
